Using pre-set license
Built from '2022.3/release' branch; Version is '2022.3.48f1 (8bf49c377ebf) revision 9172124'; Using compiler version '192829333'; Build Type 'Release'
OS: 'Windows 10  (10.0.19045) 64bit Core' Language: 'en' Physical Memory: 31903 MB
BatchMode: 1, IsHumanControllingUs: 0, StartBugReporterOnCrash: 0, Is64bit: 1, IsPro: 1

COMMAND LINE ARGUMENTS:
C:\Program Files\Unity\Hub\Editor\2022.3.48f1\Editor\Unity.exe
-adb2
-batchMode
-noUpm
-name
AssetImportWorker7
-projectPath
D:/Work/Synoptic Project/SynopticProject
-logFile
Logs/AssetImportWorker7.log
-srvPort
52072
Successfully changed project path to: D:/Work/Synoptic Project/SynopticProject
D:/Work/Synoptic Project/SynopticProject
[UnityMemory] Configuration Parameters - Can be set up in boot.config
    "memorysetup-bucket-allocator-granularity=16"
    "memorysetup-bucket-allocator-bucket-count=8"
    "memorysetup-bucket-allocator-block-size=33554432"
    "memorysetup-bucket-allocator-block-count=8"
    "memorysetup-main-allocator-block-size=16777216"
    "memorysetup-thread-allocator-block-size=16777216"
    "memorysetup-gfx-main-allocator-block-size=16777216"
    "memorysetup-gfx-thread-allocator-block-size=16777216"
    "memorysetup-cache-allocator-block-size=4194304"
    "memorysetup-typetree-allocator-block-size=2097152"
    "memorysetup-profiler-bucket-allocator-granularity=16"
    "memorysetup-profiler-bucket-allocator-bucket-count=8"
    "memorysetup-profiler-bucket-allocator-block-size=33554432"
    "memorysetup-profiler-bucket-allocator-block-count=8"
    "memorysetup-profiler-allocator-block-size=16777216"
    "memorysetup-profiler-editor-allocator-block-size=1048576"
    "memorysetup-temp-allocator-size-main=16777216"
    "memorysetup-job-temp-allocator-block-size=2097152"
    "memorysetup-job-temp-allocator-block-size-background=1048576"
    "memorysetup-job-temp-allocator-reduction-small-platforms=262144"
    "memorysetup-allocator-temp-initial-block-size-main=262144"
    "memorysetup-allocator-temp-initial-block-size-worker=262144"
    "memorysetup-temp-allocator-size-background-worker=32768"
    "memorysetup-temp-allocator-size-job-worker=262144"
    "memorysetup-temp-allocator-size-preload-manager=33554432"
    "memorysetup-temp-allocator-size-nav-mesh-worker=65536"
    "memorysetup-temp-allocator-size-audio-worker=65536"
    "memorysetup-temp-allocator-size-cloud-worker=32768"
    "memorysetup-temp-allocator-size-gi-baking-worker=262144"
    "memorysetup-temp-allocator-size-gfx=262144"
Player connection [17784]  Target information:

Player connection [17784]  * "[IP] 192.168.1.134 [Port] 0 [Flags] 2 [Guid] 973875985 [EditorId] 973875985 [Version] 1048832 [Id] WindowsEditor(7,DESKTOP-4GPD0CF) [Debug] 1 [PackageName] WindowsEditor [ProjectName] Editor" 

Player connection [17784] Host joined multi-casting on [225.0.0.222:54997]...
Player connection [17784] Host joined alternative multi-casting on [225.0.0.222:34997]...
[PhysX] Initialized MultithreadedTaskDispatcher with 12 workers.
Refreshing native plugins compatible for Editor in 6.66 ms, found 3 plugins.
Preloading 0 native plugins for Editor in 0.00 ms.
Initialize engine version: 2022.3.48f1 (8bf49c377ebf)
[Subsystems] Discovering subsystems at path C:/Program Files/Unity/Hub/Editor/2022.3.48f1/Editor/Data/Resources/UnitySubsystems
[Subsystems] Discovering subsystems at path D:/Work/Synoptic Project/SynopticProject/Assets
GfxDevice: creating device client; threaded=0; jobified=0
Direct3D:
    Version:  Direct3D 11.0 [level 11.1]
    Renderer: NVIDIA GeForce RTX 4060 (ID=0x2882)
    Vendor:   NVIDIA
    VRAM:     7957 MB
    Driver:   32.0.15.6636
Initialize mono
Mono path[0] = 'C:/Program Files/Unity/Hub/Editor/2022.3.48f1/Editor/Data/Managed'
Mono path[1] = 'C:/Program Files/Unity/Hub/Editor/2022.3.48f1/Editor/Data/MonoBleedingEdge/lib/mono/unityjit-win32'
Mono config path = 'C:/Program Files/Unity/Hub/Editor/2022.3.48f1/Editor/Data/MonoBleedingEdge/etc'
Using monoOptions --debugger-agent=transport=dt_socket,embedding=1,server=y,suspend=n,address=127.0.0.1:56464
Begin MonoManager ReloadAssembly
Registering precompiled unity dll's ...
Register platform support module: C:/Program Files/Unity/Hub/Editor/2022.3.48f1/Editor/Data/PlaybackEngines/WebGLSupport/UnityEditor.WebGL.Extensions.dll
Register platform support module: C:/Program Files/Unity/Hub/Editor/2022.3.48f1/Editor/Data/PlaybackEngines/WindowsStandaloneSupport/UnityEditor.WindowsStandalone.Extensions.dll
Registered in 0.008162 seconds.
- Loaded All Assemblies, in  0.218 seconds
Native extension for WindowsStandalone target not found
Native extension for WebGL target not found
Mono: successfully reloaded assembly
- Finished resetting the current domain, in  0.147 seconds
Domain Reload Profiling: 364ms
	BeginReloadAssembly (75ms)
		ExecutionOrderSort (0ms)
		DisableScriptedObjects (0ms)
		BackupInstance (0ms)
		ReleaseScriptingObjects (0ms)
		CreateAndSetChildDomain (1ms)
	RebuildCommonClasses (19ms)
	RebuildNativeTypeToScriptingClass (6ms)
	initialDomainReloadingComplete (39ms)
	LoadAllAssembliesAndSetupDomain (77ms)
		LoadAssemblies (73ms)
		RebuildTransferFunctionScriptingTraits (0ms)
		AnalyzeDomain (76ms)
			TypeCache.Refresh (75ms)
				TypeCache.ScanAssembly (67ms)
			ScanForSourceGeneratedMonoScriptInfo (0ms)
			ResolveRequiredComponents (0ms)
	FinalizeReload (147ms)
		ReleaseScriptCaches (0ms)
		RebuildScriptCaches (0ms)
		SetupLoadedEditorAssemblies (122ms)
			LogAssemblyErrors (0ms)
			InitializePlatformSupportModulesInManaged (7ms)
			SetLoadedEditorAssemblies (3ms)
			RefreshPlugins (0ms)
			BeforeProcessingInitializeOnLoad (1ms)
			ProcessInitializeOnLoadAttributes (85ms)
			ProcessInitializeOnLoadMethodAttributes (26ms)
			AfterProcessingInitializeOnLoad (0ms)
			EditorAssembliesLoaded (0ms)
		ExecutionOrderSort2 (0ms)
		AwakeInstancesAfterBackupRestoration (0ms)
========================================================================
Worker process is ready to serve import requests
Caller must complete domain reload
Begin MonoManager ReloadAssembly
- Loaded All Assemblies, in  0.372 seconds
Native extension for WindowsStandalone target not found
Native extension for WebGL target not found
Mono: successfully reloaded assembly
- Finished resetting the current domain, in  0.349 seconds
Domain Reload Profiling: 719ms
	BeginReloadAssembly (87ms)
		ExecutionOrderSort (0ms)
		DisableScriptedObjects (3ms)
		BackupInstance (0ms)
		ReleaseScriptingObjects (0ms)
		CreateAndSetChildDomain (15ms)
	RebuildCommonClasses (18ms)
	RebuildNativeTypeToScriptingClass (6ms)
	initialDomainReloadingComplete (25ms)
	LoadAllAssembliesAndSetupDomain (233ms)
		LoadAssemblies (177ms)
		RebuildTransferFunctionScriptingTraits (0ms)
		AnalyzeDomain (106ms)
			TypeCache.Refresh (92ms)
				TypeCache.ScanAssembly (82ms)
			ScanForSourceGeneratedMonoScriptInfo (10ms)
			ResolveRequiredComponents (3ms)
	FinalizeReload (349ms)
		ReleaseScriptCaches (0ms)
		RebuildScriptCaches (0ms)
		SetupLoadedEditorAssemblies (272ms)
			LogAssemblyErrors (0ms)
			InitializePlatformSupportModulesInManaged (5ms)
			SetLoadedEditorAssemblies (2ms)
			RefreshPlugins (0ms)
			BeforeProcessingInitializeOnLoad (40ms)
			ProcessInitializeOnLoadAttributes (207ms)
			ProcessInitializeOnLoadMethodAttributes (11ms)
			AfterProcessingInitializeOnLoad (6ms)
			EditorAssembliesLoaded (0ms)
		ExecutionOrderSort2 (0ms)
		AwakeInstancesAfterBackupRestoration (4ms)
Launched and connected shader compiler UnityShaderCompiler.exe after 0.03 seconds
Refreshing native plugins compatible for Editor in 1.94 ms, found 3 plugins.
Preloading 0 native plugins for Editor in 0.00 ms.
Unloading 3554 Unused Serialized files (Serialized files now loaded: 0)
Unloading 20 unused Assets / (106.6 KB). Loaded Objects now: 4025.
Memory consumption went from 146.7 MB to 146.6 MB.
Total: 2.341200 ms (FindLiveObjects: 0.218400 ms CreateObjectMapping: 0.058000 ms MarkObjects: 1.944400 ms  DeleteObjects: 0.119800 ms)

AssetImportParameters requested are different than current active one (requested -> active):
  custom:container-demuxer-ogg: 62fdf1f143b41e24485cea50d1cbac27 -> 
  custom:video-decoder-ogg-theora: a1e56fd34408186e4bbccfd4996cb3dc -> 
  custom:framework-win-MediaFoundation: 216162199b28c13a410421893ffa2e32 -> 
  custom:CustomObjectIndexerAttribute: 9a22284fe3817be447336de3de66b15e -> 
  custom:container-demuxer-webm: 4f35f7cbe854078d1ac9338744f61a02 -> 
  custom:container-muxer-webm: aa71ff27fc2769a1b78a27578f13a17b -> 
  custom:video-decoder-webm-vp8: 9c59270c3fd7afecdb556c50c9e8de78 -> 
  custom:SearchIndexIgnoredProperties: e643bd26f0fe6173181afceb89e7c659 -> 
  custom:AudioImporter_EditorPlatform: d09bf68614088b80899f8185d706f6e7 -> 
  custom:video-encoder-webm-vp8: eb34c28f22e8b96e1ab97ce403110664 -> 
  custom:audio-decoder-ogg-vorbis: bf7c407c2cedff20999df2af8eb42d56 -> 
  custom:audio-encoder-webm-vorbis: bf7c407c2cedff20999df2af8eb42d56 -> 
========================================================================
Received Import Request.
  Time since last request: 13367.844314 seconds.
  path: Assets/Assets/World/balconyLadder_top.fbx
  artifactKey: Guid(2b9bd0a7f5657ed41bd45caa740910d3) Importer(815301076,1909f56bfc062723c751e8b465ee728b)
Start importing Assets/Assets/World/balconyLadder_top.fbx using Guid(2b9bd0a7f5657ed41bd45caa740910d3) Importer(815301076,1909f56bfc062723c751e8b465ee728b) [PhysX] Initialized MultithreadedTaskDispatcher with 12 workers.
[PhysX] Initialized MultithreadedTaskDispatcher with 12 workers.
[PhysX] Initialized MultithreadedTaskDispatcher with 12 workers.
[PhysX] Initialized MultithreadedTaskDispatcher with 12 workers.
 -> (artifact id: '7e3db0c3f19c4f1f5f4f2f479f9e1b92') in 0.089946 seconds
Number of updated asset objects reloaded before import = 0
Number of asset objects unloaded after import = 9
========================================================================
Received Import Request.
  Time since last request: 0.000020 seconds.
  path: Assets/Assets/World/roadDirt_damaged.fbx
  artifactKey: Guid(2146769c4bfc44c419b7af7e7fa4c7d8) Importer(815301076,1909f56bfc062723c751e8b465ee728b)
Start importing Assets/Assets/World/roadDirt_damaged.fbx using Guid(2146769c4bfc44c419b7af7e7fa4c7d8) Importer(815301076,1909f56bfc062723c751e8b465ee728b) [PhysX] Initialized MultithreadedTaskDispatcher with 12 workers.
[PhysX] Initialized MultithreadedTaskDispatcher with 12 workers.
[PhysX] Initialized MultithreadedTaskDispatcher with 12 workers.
[PhysX] Initialized MultithreadedTaskDispatcher with 12 workers.
[PhysX] Initialized MultithreadedTaskDispatcher with 12 workers.
 -> (artifact id: '724fdc84811e12d7a14229fcbb93edf2') in 0.018020 seconds
Number of updated asset objects reloaded before import = 0
Number of asset objects unloaded after import = 11
========================================================================
Received Import Request.
  Time since last request: 0.000019 seconds.
  path: Assets/Assets/World/roadDirt_cornerOuter.fbx
  artifactKey: Guid(f49d8af92fb45f24ba3fa0a91e8617c7) Importer(815301076,1909f56bfc062723c751e8b465ee728b)
Start importing Assets/Assets/World/roadDirt_cornerOuter.fbx using Guid(f49d8af92fb45f24ba3fa0a91e8617c7) Importer(815301076,1909f56bfc062723c751e8b465ee728b) [PhysX] Initialized MultithreadedTaskDispatcher with 12 workers.
[PhysX] Initialized MultithreadedTaskDispatcher with 12 workers.
[PhysX] Initialized MultithreadedTaskDispatcher with 12 workers.
[PhysX] Initialized MultithreadedTaskDispatcher with 12 workers.
[PhysX] Initialized MultithreadedTaskDispatcher with 12 workers.
 -> (artifact id: 'ce96be761bebf0001a17d49d56c3297e') in 0.015246 seconds
Number of updated asset objects reloaded before import = 0
Number of asset objects unloaded after import = 11
========================================================================
Received Import Request.
  Time since last request: 0.000012 seconds.
  path: Assets/Assets/World/roadAsphalt_corner.fbx
  artifactKey: Guid(5ce40bff19dc1f540bfdf59952fb6865) Importer(815301076,1909f56bfc062723c751e8b465ee728b)
Start importing Assets/Assets/World/roadAsphalt_corner.fbx using Guid(5ce40bff19dc1f540bfdf59952fb6865) Importer(815301076,1909f56bfc062723c751e8b465ee728b) [PhysX] Initialized MultithreadedTaskDispatcher with 12 workers.
[PhysX] Initialized MultithreadedTaskDispatcher with 12 workers.
[PhysX] Initialized MultithreadedTaskDispatcher with 12 workers.
[PhysX] Initialized MultithreadedTaskDispatcher with 12 workers.
[PhysX] Initialized MultithreadedTaskDispatcher with 12 workers.
 -> (artifact id: 'b7c7f7523b919d17e36282b03962094d') in 0.015187 seconds
Number of updated asset objects reloaded before import = 0
Number of asset objects unloaded after import = 11
========================================================================
Received Import Request.
  Time since last request: 0.000014 seconds.
  path: Assets/Assets/World/detailBarrierStrong_typeA.fbx
  artifactKey: Guid(30f04cb2800d21843b308c63fe64fbaa) Importer(815301076,1909f56bfc062723c751e8b465ee728b)
Start importing Assets/Assets/World/detailBarrierStrong_typeA.fbx using Guid(30f04cb2800d21843b308c63fe64fbaa) Importer(815301076,1909f56bfc062723c751e8b465ee728b) [PhysX] Initialized MultithreadedTaskDispatcher with 12 workers.
[PhysX] Initialized MultithreadedTaskDispatcher with 12 workers.
[PhysX] Initialized MultithreadedTaskDispatcher with 12 workers.
[PhysX] Initialized MultithreadedTaskDispatcher with 12 workers.
 -> (artifact id: '020fc018d875b17147ed19f09d776284') in 0.015268 seconds
Number of updated asset objects reloaded before import = 0
Number of asset objects unloaded after import = 9
========================================================================
Received Import Request.
  Time since last request: 0.000012 seconds.
  path: Assets/Assets/World/roadDirt_straight.fbx
  artifactKey: Guid(2d96f1a774a331a45808686d3a64a6a6) Importer(815301076,1909f56bfc062723c751e8b465ee728b)
Start importing Assets/Assets/World/roadDirt_straight.fbx using Guid(2d96f1a774a331a45808686d3a64a6a6) Importer(815301076,1909f56bfc062723c751e8b465ee728b) [PhysX] Initialized MultithreadedTaskDispatcher with 12 workers.
[PhysX] Initialized MultithreadedTaskDispatcher with 12 workers.
[PhysX] Initialized MultithreadedTaskDispatcher with 12 workers.
[PhysX] Initialized MultithreadedTaskDispatcher with 12 workers.
[PhysX] Initialized MultithreadedTaskDispatcher with 12 workers.
 -> (artifact id: '7089500e23aa1c6dbac33fef835b97d8') in 0.017183 seconds
Number of updated asset objects reloaded before import = 0
Number of asset objects unloaded after import = 11
========================================================================
Received Import Request.
  Time since last request: 0.000013 seconds.
  path: Assets/Assets/World/detailBricks_typeA.fbx
  artifactKey: Guid(fa18c07c2f17ef6439c50609929d59cb) Importer(815301076,1909f56bfc062723c751e8b465ee728b)
Start importing Assets/Assets/World/detailBricks_typeA.fbx using Guid(fa18c07c2f17ef6439c50609929d59cb) Importer(815301076,1909f56bfc062723c751e8b465ee728b) [PhysX] Initialized MultithreadedTaskDispatcher with 12 workers.
[PhysX] Initialized MultithreadedTaskDispatcher with 12 workers.
[PhysX] Initialized MultithreadedTaskDispatcher with 12 workers.
[PhysX] Initialized MultithreadedTaskDispatcher with 12 workers.
 -> (artifact id: '9d2fc916744902f5037091c0b4aa3157') in 0.014270 seconds
Number of updated asset objects reloaded before import = 0
Number of asset objects unloaded after import = 9
========================================================================
Received Import Request.
  Time since last request: 0.000015 seconds.
  path: Assets/Assets/World/roofMetal_poles.fbx
  artifactKey: Guid(8babf60b865b0e84f83feed3a3e22481) Importer(815301076,1909f56bfc062723c751e8b465ee728b)
Start importing Assets/Assets/World/roofMetal_poles.fbx using Guid(8babf60b865b0e84f83feed3a3e22481) Importer(815301076,1909f56bfc062723c751e8b465ee728b) [PhysX] Initialized MultithreadedTaskDispatcher with 12 workers.
[PhysX] Initialized MultithreadedTaskDispatcher with 12 workers.
[PhysX] Initialized MultithreadedTaskDispatcher with 12 workers.
[PhysX] Initialized MultithreadedTaskDispatcher with 12 workers.
[PhysX] Initialized MultithreadedTaskDispatcher with 12 workers.
 -> (artifact id: 'd8c69da17e6361b90b50315f7cf39612') in 0.017001 seconds
Number of updated asset objects reloaded before import = 0
Number of asset objects unloaded after import = 11
========================================================================
Received Import Request.
  Time since last request: 0.000012 seconds.
  path: Assets/Assets/World/tree_small.fbx
  artifactKey: Guid(467460d41d1fc1f44b3d253800ba1fd9) Importer(815301076,1909f56bfc062723c751e8b465ee728b)
Start importing Assets/Assets/World/tree_small.fbx using Guid(467460d41d1fc1f44b3d253800ba1fd9) Importer(815301076,1909f56bfc062723c751e8b465ee728b) [PhysX] Initialized MultithreadedTaskDispatcher with 12 workers.
[PhysX] Initialized MultithreadedTaskDispatcher with 12 workers.
[PhysX] Initialized MultithreadedTaskDispatcher with 12 workers.
[PhysX] Initialized MultithreadedTaskDispatcher with 12 workers.
 -> (artifact id: 'd8cdcffa286c3cb262683f2ebb27d41d') in 0.015202 seconds
Number of updated asset objects reloaded before import = 0
Number of asset objects unloaded after import = 9
========================================================================
Received Import Request.
  Time since last request: 0.000013 seconds.
  path: Assets/Assets/World/roadDirt_corner.fbx
  artifactKey: Guid(86e9d9f7a40bd3a448949697d7e06466) Importer(815301076,1909f56bfc062723c751e8b465ee728b)
Start importing Assets/Assets/World/roadDirt_corner.fbx using Guid(86e9d9f7a40bd3a448949697d7e06466) Importer(815301076,1909f56bfc062723c751e8b465ee728b) [PhysX] Initialized MultithreadedTaskDispatcher with 12 workers.
[PhysX] Initialized MultithreadedTaskDispatcher with 12 workers.
[PhysX] Initialized MultithreadedTaskDispatcher with 12 workers.
[PhysX] Initialized MultithreadedTaskDispatcher with 12 workers.
[PhysX] Initialized MultithreadedTaskDispatcher with 12 workers.
 -> (artifact id: '44a479814fbf6c30b6d5a1fe602eb164') in 0.017924 seconds
Number of updated asset objects reloaded before import = 0
Number of asset objects unloaded after import = 11
========================================================================
Received Import Request.
  Time since last request: 0.000015 seconds.
  path: Assets/Assets/World/detailAwning_wide.fbx
  artifactKey: Guid(8b98903d2276fd3429b4c53d11c4ed84) Importer(815301076,1909f56bfc062723c751e8b465ee728b)
Start importing Assets/Assets/World/detailAwning_wide.fbx using Guid(8b98903d2276fd3429b4c53d11c4ed84) Importer(815301076,1909f56bfc062723c751e8b465ee728b) [PhysX] Initialized MultithreadedTaskDispatcher with 12 workers.
[PhysX] Initialized MultithreadedTaskDispatcher with 12 workers.
[PhysX] Initialized MultithreadedTaskDispatcher with 12 workers.
[PhysX] Initialized MultithreadedTaskDispatcher with 12 workers.
 -> (artifact id: '626294f434298574e3a45aa9a39bd0b2') in 0.014597 seconds
Number of updated asset objects reloaded before import = 0
Number of asset objects unloaded after import = 9
========================================================================
Received Import Request.
  Time since last request: 0.000012 seconds.
  path: Assets/Assets/World/treePine_small.fbx
  artifactKey: Guid(9cd00bfe624ed3048bd97a79f31eb531) Importer(815301076,1909f56bfc062723c751e8b465ee728b)
Start importing Assets/Assets/World/treePine_small.fbx using Guid(9cd00bfe624ed3048bd97a79f31eb531) Importer(815301076,1909f56bfc062723c751e8b465ee728b) [PhysX] Initialized MultithreadedTaskDispatcher with 12 workers.
[PhysX] Initialized MultithreadedTaskDispatcher with 12 workers.
[PhysX] Initialized MultithreadedTaskDispatcher with 12 workers.
[PhysX] Initialized MultithreadedTaskDispatcher with 12 workers.
 -> (artifact id: 'ed4cef5f467ec6d4beef6a5d8df6e835') in 0.014139 seconds
Number of updated asset objects reloaded before import = 0
Number of asset objects unloaded after import = 9
========================================================================
Received Import Request.
  Time since last request: 0.000012 seconds.
  path: Assets/Assets/World/tree_large.fbx
  artifactKey: Guid(367441fb5ccc9ee418a4ad4d03f5eaf8) Importer(815301076,1909f56bfc062723c751e8b465ee728b)
Start importing Assets/Assets/World/tree_large.fbx using Guid(367441fb5ccc9ee418a4ad4d03f5eaf8) Importer(815301076,1909f56bfc062723c751e8b465ee728b) [PhysX] Initialized MultithreadedTaskDispatcher with 12 workers.
[PhysX] Initialized MultithreadedTaskDispatcher with 12 workers.
[PhysX] Initialized MultithreadedTaskDispatcher with 12 workers.
[PhysX] Initialized MultithreadedTaskDispatcher with 12 workers.
 -> (artifact id: 'fe817409f089baad8b30734841d5797d') in 0.015977 seconds
Number of updated asset objects reloaded before import = 0
Number of asset objects unloaded after import = 9
========================================================================
Received Import Request.
  Time since last request: 0.000012 seconds.
  path: Assets/Assets/World/roadAsphalt_pavement.fbx
  artifactKey: Guid(923c6d76fde16824f9094532a58778d0) Importer(815301076,1909f56bfc062723c751e8b465ee728b)
Start importing Assets/Assets/World/roadAsphalt_pavement.fbx using Guid(923c6d76fde16824f9094532a58778d0) Importer(815301076,1909f56bfc062723c751e8b465ee728b) [PhysX] Initialized MultithreadedTaskDispatcher with 12 workers.
[PhysX] Initialized MultithreadedTaskDispatcher with 12 workers.
[PhysX] Initialized MultithreadedTaskDispatcher with 12 workers.
[PhysX] Initialized MultithreadedTaskDispatcher with 12 workers.
 -> (artifact id: '6be19cca67a8662d8b1be96f5d2a5db3') in 0.015185 seconds
Number of updated asset objects reloaded before import = 0
Number of asset objects unloaded after import = 9
========================================================================
Received Import Request.
  Time since last request: 10.038961 seconds.
  path: Assets/Assets/World/wallA.fbx
  artifactKey: Guid(4452a81bcb974bf4da02302a8a636f7f) Importer(815301076,1909f56bfc062723c751e8b465ee728b)
Start importing Assets/Assets/World/wallA.fbx using Guid(4452a81bcb974bf4da02302a8a636f7f) Importer(815301076,1909f56bfc062723c751e8b465ee728b) [PhysX] Initialized MultithreadedTaskDispatcher with 12 workers.
[PhysX] Initialized MultithreadedTaskDispatcher with 12 workers.
[PhysX] Initialized MultithreadedTaskDispatcher with 12 workers.
[PhysX] Initialized MultithreadedTaskDispatcher with 12 workers.
[PhysX] Initialized MultithreadedTaskDispatcher with 12 workers.
 -> (artifact id: '97aa370a052acb656efb46240c200802') in 0.096997 seconds
Number of updated asset objects reloaded before import = 0
Number of asset objects unloaded after import = 11
========================================================================
Received Import Request.
  Time since last request: 0.000012 seconds.
  path: Assets/Assets/World/wallA_flatWindow.fbx
  artifactKey: Guid(96ff58e319adcc243a6b942f07b6936d) Importer(815301076,1909f56bfc062723c751e8b465ee728b)
Start importing Assets/Assets/World/wallA_flatWindow.fbx using Guid(96ff58e319adcc243a6b942f07b6936d) Importer(815301076,1909f56bfc062723c751e8b465ee728b) [PhysX] Initialized MultithreadedTaskDispatcher with 12 workers.
[PhysX] Initialized MultithreadedTaskDispatcher with 12 workers.
[PhysX] Initialized MultithreadedTaskDispatcher with 12 workers.
[PhysX] Initialized MultithreadedTaskDispatcher with 12 workers.
[PhysX] Initialized MultithreadedTaskDispatcher with 12 workers.
[PhysX] Initialized MultithreadedTaskDispatcher with 12 workers.
 -> (artifact id: 'df2d3886b97d8b790c98d77d0d6f2644') in 0.019990 seconds
Number of updated asset objects reloaded before import = 0
Number of asset objects unloaded after import = 13
========================================================================
Received Import Request.
  Time since last request: 0.000015 seconds.
  path: Assets/Assets/World/wallA_painted.fbx
  artifactKey: Guid(8084d255165e6444d8b7e536cceadc96) Importer(815301076,1909f56bfc062723c751e8b465ee728b)
Start importing Assets/Assets/World/wallA_painted.fbx using Guid(8084d255165e6444d8b7e536cceadc96) Importer(815301076,1909f56bfc062723c751e8b465ee728b) [PhysX] Initialized MultithreadedTaskDispatcher with 12 workers.
[PhysX] Initialized MultithreadedTaskDispatcher with 12 workers.
[PhysX] Initialized MultithreadedTaskDispatcher with 12 workers.
[PhysX] Initialized MultithreadedTaskDispatcher with 12 workers.
[PhysX] Initialized MultithreadedTaskDispatcher with 12 workers.
 -> (artifact id: 'dc49e97fcf15a7f2da31b47fa7941498') in 0.017051 seconds
Number of updated asset objects reloaded before import = 0
Number of asset objects unloaded after import = 11
========================================================================
Received Import Request.
  Time since last request: 0.000017 seconds.
  path: Assets/Assets/World/wallA_detail.fbx
  artifactKey: Guid(570f90d3fcf3d4248a0ebb1e61733fd0) Importer(815301076,1909f56bfc062723c751e8b465ee728b)
Start importing Assets/Assets/World/wallA_detail.fbx using Guid(570f90d3fcf3d4248a0ebb1e61733fd0) Importer(815301076,1909f56bfc062723c751e8b465ee728b) [PhysX] Initialized MultithreadedTaskDispatcher with 12 workers.
[PhysX] Initialized MultithreadedTaskDispatcher with 12 workers.
[PhysX] Initialized MultithreadedTaskDispatcher with 12 workers.
[PhysX] Initialized MultithreadedTaskDispatcher with 12 workers.
[PhysX] Initialized MultithreadedTaskDispatcher with 12 workers.
[PhysX] Initialized MultithreadedTaskDispatcher with 12 workers.
 -> (artifact id: '1eb6c945de0a76dae23e50d35e6b2c80') in 0.021318 seconds
Number of updated asset objects reloaded before import = 0
Number of asset objects unloaded after import = 12
========================================================================
Received Import Request.
  Time since last request: 0.000020 seconds.
  path: Assets/Assets/World/wallA_low.fbx
  artifactKey: Guid(0d4755b4e04b8924a827986c408ba68b) Importer(815301076,1909f56bfc062723c751e8b465ee728b)
Start importing Assets/Assets/World/wallA_low.fbx using Guid(0d4755b4e04b8924a827986c408ba68b) Importer(815301076,1909f56bfc062723c751e8b465ee728b) [PhysX] Initialized MultithreadedTaskDispatcher with 12 workers.
[PhysX] Initialized MultithreadedTaskDispatcher with 12 workers.
[PhysX] Initialized MultithreadedTaskDispatcher with 12 workers.
[PhysX] Initialized MultithreadedTaskDispatcher with 12 workers.
[PhysX] Initialized MultithreadedTaskDispatcher with 12 workers.
 -> (artifact id: 'dd977a9c07e81957d7479bf8b36dbab8') in 0.017598 seconds
Number of updated asset objects reloaded before import = 0
Number of asset objects unloaded after import = 11
========================================================================
Received Import Request.
  Time since last request: 0.000013 seconds.
  path: Assets/Assets/World/wallA_open.fbx
  artifactKey: Guid(22fe26b4980009a449ac4d108c97966a) Importer(815301076,1909f56bfc062723c751e8b465ee728b)
Start importing Assets/Assets/World/wallA_open.fbx using Guid(22fe26b4980009a449ac4d108c97966a) Importer(815301076,1909f56bfc062723c751e8b465ee728b) [PhysX] Initialized MultithreadedTaskDispatcher with 12 workers.
[PhysX] Initialized MultithreadedTaskDispatcher with 12 workers.
[PhysX] Initialized MultithreadedTaskDispatcher with 12 workers.
[PhysX] Initialized MultithreadedTaskDispatcher with 12 workers.
[PhysX] Initialized MultithreadedTaskDispatcher with 12 workers.
 -> (artifact id: '785731780ec9fb45190b5ca6def970a2') in 0.015461 seconds
Number of updated asset objects reloaded before import = 0
Number of asset objects unloaded after import = 11
========================================================================
Received Import Request.
  Time since last request: 0.357402 seconds.
  path: Assets/Assets/World/wallA_roofSlantDetailed.fbx
  artifactKey: Guid(64629e738b3714e43b206d5dfa79526e) Importer(815301076,1909f56bfc062723c751e8b465ee728b)
Start importing Assets/Assets/World/wallA_roofSlantDetailed.fbx using Guid(64629e738b3714e43b206d5dfa79526e) Importer(815301076,1909f56bfc062723c751e8b465ee728b) [PhysX] Initialized MultithreadedTaskDispatcher with 12 workers.
[PhysX] Initialized MultithreadedTaskDispatcher with 12 workers.
[PhysX] Initialized MultithreadedTaskDispatcher with 12 workers.
[PhysX] Initialized MultithreadedTaskDispatcher with 12 workers.
[PhysX] Initialized MultithreadedTaskDispatcher with 12 workers.
[PhysX] Initialized MultithreadedTaskDispatcher with 12 workers.
 -> (artifact id: 'b96f708eeca558739304c30c37895a4f') in 0.019286 seconds
Number of updated asset objects reloaded before import = 0
Number of asset objects unloaded after import = 13
========================================================================
Received Import Request.
  Time since last request: 0.000011 seconds.
  path: Assets/Assets/World/wallB_roofDetailed.fbx
  artifactKey: Guid(a0fe0d1fbca549f49835b7e3eecca48d) Importer(815301076,1909f56bfc062723c751e8b465ee728b)
Start importing Assets/Assets/World/wallB_roofDetailed.fbx using Guid(a0fe0d1fbca549f49835b7e3eecca48d) Importer(815301076,1909f56bfc062723c751e8b465ee728b) [PhysX] Initialized MultithreadedTaskDispatcher with 12 workers.
[PhysX] Initialized MultithreadedTaskDispatcher with 12 workers.
[PhysX] Initialized MultithreadedTaskDispatcher with 12 workers.
[PhysX] Initialized MultithreadedTaskDispatcher with 12 workers.
[PhysX] Initialized MultithreadedTaskDispatcher with 12 workers.
[PhysX] Initialized MultithreadedTaskDispatcher with 12 workers.
 -> (artifact id: 'f6c38a6c1b3fb6a7bc70d07814dccb00') in 0.018978 seconds
Number of updated asset objects reloaded before import = 0
Number of asset objects unloaded after import = 13
========================================================================
Received Import Request.
  Time since last request: 0.000013 seconds.
  path: Assets/Assets/World/wallB_roofSlantDetailed.fbx
  artifactKey: Guid(cae678faa1ca9c246bd8763035cfe93a) Importer(815301076,1909f56bfc062723c751e8b465ee728b)
Start importing Assets/Assets/World/wallB_roofSlantDetailed.fbx using Guid(cae678faa1ca9c246bd8763035cfe93a) Importer(815301076,1909f56bfc062723c751e8b465ee728b) [PhysX] Initialized MultithreadedTaskDispatcher with 12 workers.
[PhysX] Initialized MultithreadedTaskDispatcher with 12 workers.
[PhysX] Initialized MultithreadedTaskDispatcher with 12 workers.
[PhysX] Initialized MultithreadedTaskDispatcher with 12 workers.
[PhysX] Initialized MultithreadedTaskDispatcher with 12 workers.
[PhysX] Initialized MultithreadedTaskDispatcher with 12 workers.
 -> (artifact id: 'b2ebbc9b25bc6309d0296b849edd338e') in 0.019613 seconds
Number of updated asset objects reloaded before import = 0
Number of asset objects unloaded after import = 13
========================================================================
Received Import Request.
  Time since last request: 0.000019 seconds.
  path: Assets/Assets/World/wallB_roof.fbx
  artifactKey: Guid(9c26e1737a9afca4b8129098143cffbf) Importer(815301076,1909f56bfc062723c751e8b465ee728b)
Start importing Assets/Assets/World/wallB_roof.fbx using Guid(9c26e1737a9afca4b8129098143cffbf) Importer(815301076,1909f56bfc062723c751e8b465ee728b) [PhysX] Initialized MultithreadedTaskDispatcher with 12 workers.
[PhysX] Initialized MultithreadedTaskDispatcher with 12 workers.
[PhysX] Initialized MultithreadedTaskDispatcher with 12 workers.
[PhysX] Initialized MultithreadedTaskDispatcher with 12 workers.
[PhysX] Initialized MultithreadedTaskDispatcher with 12 workers.
[PhysX] Initialized MultithreadedTaskDispatcher with 12 workers.
 -> (artifact id: '09fd604ec83b149b9b5f50c1cbafc02a') in 0.020399 seconds
Number of updated asset objects reloaded before import = 0
Number of asset objects unloaded after import = 13
========================================================================
Received Import Request.
  Time since last request: 0.000016 seconds.
  path: Assets/Assets/World/wallB.fbx
  artifactKey: Guid(9aeae4948ea2e5a45925fe28944c8302) Importer(815301076,1909f56bfc062723c751e8b465ee728b)
Start importing Assets/Assets/World/wallB.fbx using Guid(9aeae4948ea2e5a45925fe28944c8302) Importer(815301076,1909f56bfc062723c751e8b465ee728b) [PhysX] Initialized MultithreadedTaskDispatcher with 12 workers.
[PhysX] Initialized MultithreadedTaskDispatcher with 12 workers.
[PhysX] Initialized MultithreadedTaskDispatcher with 12 workers.
[PhysX] Initialized MultithreadedTaskDispatcher with 12 workers.
[PhysX] Initialized MultithreadedTaskDispatcher with 12 workers.
 -> (artifact id: 'e2fe4057a3bec445882d5d7815464981') in 0.018231 seconds
Number of updated asset objects reloaded before import = 0
Number of asset objects unloaded after import = 11
========================================================================
Received Import Request.
  Time since last request: 0.000013 seconds.
  path: Assets/Assets/World/wallB_flatGarage.fbx
  artifactKey: Guid(35dd57cf898bb654dab24f8e17188ec7) Importer(815301076,1909f56bfc062723c751e8b465ee728b)
Start importing Assets/Assets/World/wallB_flatGarage.fbx using Guid(35dd57cf898bb654dab24f8e17188ec7) Importer(815301076,1909f56bfc062723c751e8b465ee728b) [PhysX] Initialized MultithreadedTaskDispatcher with 12 workers.
[PhysX] Initialized MultithreadedTaskDispatcher with 12 workers.
[PhysX] Initialized MultithreadedTaskDispatcher with 12 workers.
[PhysX] Initialized MultithreadedTaskDispatcher with 12 workers.
[PhysX] Initialized MultithreadedTaskDispatcher with 12 workers.
 -> (artifact id: '958bb3346d104962cfd5073872843253') in 0.015589 seconds
Number of updated asset objects reloaded before import = 0
Number of asset objects unloaded after import = 11
========================================================================
Received Import Request.
  Time since last request: 0.058773 seconds.
  path: Assets/Assets/World/wallC_flat.fbx
  artifactKey: Guid(ac8290745e2ed664c97d5e3f565bade1) Importer(815301076,1909f56bfc062723c751e8b465ee728b)
Start importing Assets/Assets/World/wallC_flat.fbx using Guid(ac8290745e2ed664c97d5e3f565bade1) Importer(815301076,1909f56bfc062723c751e8b465ee728b) [PhysX] Initialized MultithreadedTaskDispatcher with 12 workers.
[PhysX] Initialized MultithreadedTaskDispatcher with 12 workers.
[PhysX] Initialized MultithreadedTaskDispatcher with 12 workers.
[PhysX] Initialized MultithreadedTaskDispatcher with 12 workers.
 -> (artifact id: '81742856b9ee70c973d43cde3b8010ed') in 0.014885 seconds
Number of updated asset objects reloaded before import = 0
Number of asset objects unloaded after import = 9
========================================================================
Received Import Request.
  Time since last request: 0.000012 seconds.
  path: Assets/Assets/World/wallSteps_typeA.fbx
  artifactKey: Guid(239ccf8c2f30a4645ae89c4f47d8b805) Importer(815301076,1909f56bfc062723c751e8b465ee728b)
Start importing Assets/Assets/World/wallSteps_typeA.fbx using Guid(239ccf8c2f30a4645ae89c4f47d8b805) Importer(815301076,1909f56bfc062723c751e8b465ee728b) [PhysX] Initialized MultithreadedTaskDispatcher with 12 workers.
[PhysX] Initialized MultithreadedTaskDispatcher with 12 workers.
[PhysX] Initialized MultithreadedTaskDispatcher with 12 workers.
[PhysX] Initialized MultithreadedTaskDispatcher with 12 workers.
[PhysX] Initialized MultithreadedTaskDispatcher with 12 workers.
 -> (artifact id: 'eb77f8ff82fcd836cd57578c8bf28370') in 0.017163 seconds
Number of updated asset objects reloaded before import = 0
Number of asset objects unloaded after import = 11
========================================================================
Received Import Request.
  Time since last request: 0.000012 seconds.
  path: Assets/Assets/World/wallFence.fbx
  artifactKey: Guid(1f13f4fbd08b642418c5cdd5f9c12ddd) Importer(815301076,1909f56bfc062723c751e8b465ee728b)
Start importing Assets/Assets/World/wallFence.fbx using Guid(1f13f4fbd08b642418c5cdd5f9c12ddd) Importer(815301076,1909f56bfc062723c751e8b465ee728b) [PhysX] Initialized MultithreadedTaskDispatcher with 12 workers.
[PhysX] Initialized MultithreadedTaskDispatcher with 12 workers.
[PhysX] Initialized MultithreadedTaskDispatcher with 12 workers.
[PhysX] Initialized MultithreadedTaskDispatcher with 12 workers.
[PhysX] Initialized MultithreadedTaskDispatcher with 12 workers.
[PhysX] Initialized MultithreadedTaskDispatcher with 12 workers.
 -> (artifact id: '02f3fb4e840fc6daedb7ca6bdb82aa17') in 0.016990 seconds
Number of updated asset objects reloaded before import = 0
Number of asset objects unloaded after import = 13
========================================================================
Received Import Request.
  Time since last request: 0.000013 seconds.
  path: Assets/Assets/World/windowWide_typeB.fbx
  artifactKey: Guid(d1f0dad88dc16314c9f8a48da16fa9b1) Importer(815301076,1909f56bfc062723c751e8b465ee728b)
Start importing Assets/Assets/World/windowWide_typeB.fbx using Guid(d1f0dad88dc16314c9f8a48da16fa9b1) Importer(815301076,1909f56bfc062723c751e8b465ee728b) [PhysX] Initialized MultithreadedTaskDispatcher with 12 workers.
[PhysX] Initialized MultithreadedTaskDispatcher with 12 workers.
[PhysX] Initialized MultithreadedTaskDispatcher with 12 workers.
[PhysX] Initialized MultithreadedTaskDispatcher with 12 workers.
[PhysX] Initialized MultithreadedTaskDispatcher with 12 workers.
 -> (artifact id: '6459f1bd45ab40772756bbd3afab63b2') in 0.018557 seconds
Number of updated asset objects reloaded before import = 0
Number of asset objects unloaded after import = 11
========================================================================
Received Import Request.
  Time since last request: 104.833851 seconds.
  path: Assets/Assets/World/Materials/windows.mat
  artifactKey: Guid(d055622c35137d146a2646782381dfbe) Importer(815301076,1909f56bfc062723c751e8b465ee728b)
Start importing Assets/Assets/World/Materials/windows.mat using Guid(d055622c35137d146a2646782381dfbe) Importer(815301076,1909f56bfc062723c751e8b465ee728b) [PhysX] Initialized MultithreadedTaskDispatcher with 12 workers.
[PhysX] Initialized MultithreadedTaskDispatcher with 12 workers.
 -> (artifact id: '4e7446146e15a6bc0c62696f665a26bb') in 0.012019 seconds
Number of updated asset objects reloaded before import = 0
Number of asset objects unloaded after import = 2
========================================================================
Received Import Request.
  Time since last request: 60.929978 seconds.
  path: Assets/Assets/World/Materials/bars 1.mat
  artifactKey: Guid(be137c0ea192c8348b51657ea93c10a3) Importer(815301076,1909f56bfc062723c751e8b465ee728b)
Start importing Assets/Assets/World/Materials/bars 1.mat using Guid(be137c0ea192c8348b51657ea93c10a3) Importer(815301076,1909f56bfc062723c751e8b465ee728b) [PhysX] Initialized MultithreadedTaskDispatcher with 12 workers.
[PhysX] Initialized MultithreadedTaskDispatcher with 12 workers.
 -> (artifact id: '56683798a5a10d2827d73f969029899e') in 0.009792 seconds
Number of updated asset objects reloaded before import = 0
Number of asset objects unloaded after import = 2
========================================================================
Received Import Request.
  Time since last request: 0.000015 seconds.
  path: Assets/Assets/World/Materials/bars 2.mat
  artifactKey: Guid(bdaba6c5198b023409db3e6bcb84640b) Importer(815301076,1909f56bfc062723c751e8b465ee728b)
Start importing Assets/Assets/World/Materials/bars 2.mat using Guid(bdaba6c5198b023409db3e6bcb84640b) Importer(815301076,1909f56bfc062723c751e8b465ee728b) [PhysX] Initialized MultithreadedTaskDispatcher with 12 workers.
[PhysX] Initialized MultithreadedTaskDispatcher with 12 workers.
 -> (artifact id: '50a191a1e96c5a5c0f087829306d39fd') in 0.030304 seconds
Number of updated asset objects reloaded before import = 0
Number of asset objects unloaded after import = 2
========================================================================
Received Import Request.
  Time since last request: 38.126590 seconds.
  path: Assets/Assets/World/Materials/concrete 1.mat
  artifactKey: Guid(23f715d01e0ad224ebd9b496a66a3cb6) Importer(815301076,1909f56bfc062723c751e8b465ee728b)
Start importing Assets/Assets/World/Materials/concrete 1.mat using Guid(23f715d01e0ad224ebd9b496a66a3cb6) Importer(815301076,1909f56bfc062723c751e8b465ee728b) [PhysX] Initialized MultithreadedTaskDispatcher with 12 workers.
[PhysX] Initialized MultithreadedTaskDispatcher with 12 workers.
 -> (artifact id: 'bc4269893ddd7bb98857b05cf51fb0b6') in 0.009747 seconds
Number of updated asset objects reloaded before import = 0
Number of asset objects unloaded after import = 2
========================================================================
Received Import Request.
  Time since last request: 0.007237 seconds.
  path: Assets/Assets/World/Materials/roof 1.mat
  artifactKey: Guid(776a55bc11819754c8ef3bfad284fa53) Importer(815301076,1909f56bfc062723c751e8b465ee728b)
Start importing Assets/Assets/World/Materials/roof 1.mat using Guid(776a55bc11819754c8ef3bfad284fa53) Importer(815301076,1909f56bfc062723c751e8b465ee728b) [PhysX] Initialized MultithreadedTaskDispatcher with 12 workers.
[PhysX] Initialized MultithreadedTaskDispatcher with 12 workers.
 -> (artifact id: '653f45411887011750a517b0d6fc9fef') in 0.010768 seconds
Number of updated asset objects reloaded before import = 0
Number of asset objects unloaded after import = 2
========================================================================
Received Import Request.
  Time since last request: 0.000015 seconds.
  path: Assets/Assets/World/Materials/signs 1.mat
  artifactKey: Guid(93e5ade4ad571bd4591525a04cb6c865) Importer(815301076,1909f56bfc062723c751e8b465ee728b)
Start importing Assets/Assets/World/Materials/signs 1.mat using Guid(93e5ade4ad571bd4591525a04cb6c865) Importer(815301076,1909f56bfc062723c751e8b465ee728b) [PhysX] Initialized MultithreadedTaskDispatcher with 12 workers.
[PhysX] Initialized MultithreadedTaskDispatcher with 12 workers.
 -> (artifact id: '1a15f8d6a9c50e9a31e61cd5f21c5d86') in 0.010762 seconds
Number of updated asset objects reloaded before import = 0
Number of asset objects unloaded after import = 2
========================================================================
Received Import Request.
  Time since last request: 0.000014 seconds.
  path: Assets/Assets/World/Materials/signs 2.mat
  artifactKey: Guid(39470feeed3718d4ca546c6d37ac39ff) Importer(815301076,1909f56bfc062723c751e8b465ee728b)
Start importing Assets/Assets/World/Materials/signs 2.mat using Guid(39470feeed3718d4ca546c6d37ac39ff) Importer(815301076,1909f56bfc062723c751e8b465ee728b) [PhysX] Initialized MultithreadedTaskDispatcher with 12 workers.
[PhysX] Initialized MultithreadedTaskDispatcher with 12 workers.
 -> (artifact id: '0a388fd0b47364345860c9fc36a871b9') in 0.013231 seconds
Number of updated asset objects reloaded before import = 0
Number of asset objects unloaded after import = 2
========================================================================
Received Import Request.
  Time since last request: 29.860364 seconds.
  path: Assets/Assets/World/Materials/metal 2.mat
  artifactKey: Guid(6fa4e8bca1848ec43b4375e45fa4a0da) Importer(815301076,1909f56bfc062723c751e8b465ee728b)
Start importing Assets/Assets/World/Materials/metal 2.mat using Guid(6fa4e8bca1848ec43b4375e45fa4a0da) Importer(815301076,1909f56bfc062723c751e8b465ee728b) [PhysX] Initialized MultithreadedTaskDispatcher with 12 workers.
[PhysX] Initialized MultithreadedTaskDispatcher with 12 workers.
 -> (artifact id: '07e275432ca61b358cbdc54d51e38e6b') in 0.009676 seconds
Number of updated asset objects reloaded before import = 0
Number of asset objects unloaded after import = 2
========================================================================
Received Import Request.
  Time since last request: 0.000014 seconds.
  path: Assets/Assets/World/Materials/signs 4.mat
  artifactKey: Guid(8c4b1ccc4efaeb644a53180205687cdd) Importer(815301076,1909f56bfc062723c751e8b465ee728b)
Start importing Assets/Assets/World/Materials/signs 4.mat using Guid(8c4b1ccc4efaeb644a53180205687cdd) Importer(815301076,1909f56bfc062723c751e8b465ee728b) [PhysX] Initialized MultithreadedTaskDispatcher with 12 workers.
[PhysX] Initialized MultithreadedTaskDispatcher with 12 workers.
 -> (artifact id: 'fc06637722c396d676a85ec6317bd1a5') in 0.010645 seconds
Number of updated asset objects reloaded before import = 0
Number of asset objects unloaded after import = 2
========================================================================
Received Import Request.
  Time since last request: 0.000013 seconds.
  path: Assets/Assets/World/Materials/wall_metal.mat
  artifactKey: Guid(401b01f9e46db774f937732c0c46d310) Importer(815301076,1909f56bfc062723c751e8b465ee728b)
Start importing Assets/Assets/World/Materials/wall_metal.mat using Guid(401b01f9e46db774f937732c0c46d310) Importer(815301076,1909f56bfc062723c751e8b465ee728b) [PhysX] Initialized MultithreadedTaskDispatcher with 12 workers.
[PhysX] Initialized MultithreadedTaskDispatcher with 12 workers.
 -> (artifact id: '8802c253aeaaa516ffb9afe437d0b8db') in 0.010315 seconds
Number of updated asset objects reloaded before import = 0
Number of asset objects unloaded after import = 2
========================================================================
Received Import Request.
  Time since last request: 0.000016 seconds.
  path: Assets/Assets/World/Materials/roof 2.mat
  artifactKey: Guid(31e1940efbe30e646bc59ff3de8056a9) Importer(815301076,1909f56bfc062723c751e8b465ee728b)
Start importing Assets/Assets/World/Materials/roof 2.mat using Guid(31e1940efbe30e646bc59ff3de8056a9) Importer(815301076,1909f56bfc062723c751e8b465ee728b) [PhysX] Initialized MultithreadedTaskDispatcher with 12 workers.
[PhysX] Initialized MultithreadedTaskDispatcher with 12 workers.
 -> (artifact id: 'c451a2f17f08b875dd00c33b8d29d9ca') in 0.010292 seconds
Number of updated asset objects reloaded before import = 0
Number of asset objects unloaded after import = 2
Editor requested this worker to shutdown with reason: Scaling down because of idle timeout
TcpMessagingSession - receive error: operation aborted. errorcode: 995, details: The I/O operation has been aborted because of either a thread exit or an application request.
AssetImportWorker is now disconnected from the server
Process exiting
Exiting without the bug reporter. Application will terminate with return code 0